<?xml version="1.0" encoding="UTF-8"?>
<!-- Generated by org.testng.reporters.JUnitReportReporter -->
<testsuite skipped="0" hostname="SMK-9480m" name="Com.AM.Test.LoginpageTest" tests="2" failures="0" timestamp="27 Mar 2018 04:24:49 GMT" time="20.474" errors="0">
  <testcase name="pagetilteTest" time="10.929" classname="Com.AM.Test.LoginpageTest"/>
  <testcase name="validatelogoTest" time="9.545" classname="Com.AM.Test.LoginpageTest"/>
</testsuite> <!-- Com.AM.Test.LoginpageTest -->
